# JRE version: Java(TM) SE Runtime Environment (23.0.2+7) (build 23.0.2+7-58)
# Java VM: Java HotSpot(TM) 64-Bit Server VM (23.0.2+7-58, mixed mode, sharing, tiered, compressed oops, compressed class ptrs, g1 gc, windows-amd64)
GC Precious Log:
 CardTable entry size: 512
 Card Set container configuration: InlinePtr #cards 5 size 8 Array Of Cards #cards 10 size 36 Howl #buckets 4 coarsen threshold 1843 Howl Bitmap #cards 512 size 80 coarsen threshold 460 Card regions per heap region 1 cards per card region 2048
 CPUs: 12 total, 12 available
 Memory: 7835M
 Large Page Support: Disabled
 NUMA Support: Disabled
 Compressed Oops: Enabled (32-bit)
 Heap Region Size: 1M
 Heap Min Capacity: 8M
 Heap Initial Capacity: 124M
 Heap Max Capacity: 2G
 Pre-touch: Disabled
 Parallel Workers: 10
 Concurrent Workers: 3
 Concurrent Refinement Workers: 10
 Periodic GC: Disabled
Heap:
 garbage-first heap   total reserved 2097152K, committed 229376K, used 168924K [0x0000000080000000, 0x0000000100000000)
  region size 1024K, 35 young (35840K), 7 survivors (7168K)
 Metaspace       used 135310K, committed 137856K, reserved 1179648K
  class space    used 17928K, committed 19136K, reserved 1048576K
GC Heap History (20 events):
Event: 23.346 GC heap before
{Heap before GC invocations=38 (full 0):
 garbage-first heap   total reserved 2097152K, committed 158720K, used 140871K [0x0000000080000000, 0x0000000100000000)
  region size 1024K, 57 young (58368K), 5 survivors (5120K)
 Metaspace       used 112967K, committed 115392K, reserved 1179648K
  class space    used 15284K, committed 16448K, reserved 1048576K
}
Event: 23.353 GC heap after
{Heap after GC invocations=39 (full 0):
 garbage-first heap   total reserved 2097152K, committed 158720K, used 90491K [0x0000000080000000, 0x0000000100000000)
  region size 1024K, 5 young (5120K), 5 survivors (5120K)
 Metaspace       used 112967K, committed 115392K, reserved 1179648K
  class space    used 15284K, committed 16448K, reserved 1048576K
}
Event: 24.040 GC heap before
{Heap before GC invocations=40 (full 0):
 garbage-first heap   total reserved 2097152K, committed 158720K, used 145787K [0x0000000080000000, 0x0000000100000000)
  region size 1024K, 56 young (57344K), 5 survivors (5120K)
 Metaspace       used 113132K, committed 115520K, reserved 1179648K
  class space    used 15307K, committed 16448K, reserved 1048576K
}
Event: 24.050 GC heap after
{Heap after GC invocations=41 (full 0):
 garbage-first heap   total reserved 2097152K, committed 163840K, used 101877K [0x0000000080000000, 0x0000000100000000)
  region size 1024K, 7 young (7168K), 7 survivors (7168K)
 Metaspace       used 113132K, committed 115520K, reserved 1179648K
  class space    used 15307K, committed 16448K, reserved 1048576K
}
Event: 24.265 GC heap before
{Heap before GC invocations=41 (full 0):
 garbage-first heap   total reserved 2097152K, committed 163840K, used 148981K [0x0000000080000000, 0x0000000100000000)
  region size 1024K, 49 young (50176K), 7 survivors (7168K)
 Metaspace       used 113246K, committed 115648K, reserved 1179648K
  class space    used 15309K, committed 16448K, reserved 1048576K
}
Event: 24.274 GC heap after
{Heap after GC invocations=42 (full 0):
 garbage-first heap   total reserved 2097152K, committed 198656K, used 107922K [0x0000000080000000, 0x0000000100000000)
  region size 1024K, 6 young (6144K), 6 survivors (6144K)
 Metaspace       used 113246K, committed 115648K, reserved 1179648K
  class space    used 15309K, committed 16448K, reserved 1048576K
}
Event: 25.547 GC heap before
{Heap before GC invocations=42 (full 0):
 garbage-first heap   total reserved 2097152K, committed 198656K, used 178578K [0x0000000080000000, 0x0000000100000000)
  region size 1024K, 71 young (72704K), 6 survivors (6144K)
 Metaspace       used 116539K, committed 118912K, reserved 1179648K
  class space    used 15683K, committed 16832K, reserved 1048576K
}
Event: 25.554 GC heap after
{Heap after GC invocations=43 (full 0):
 garbage-first heap   total reserved 2097152K, committed 198656K, used 120125K [0x0000000080000000, 0x0000000100000000)
  region size 1024K, 9 young (9216K), 9 survivors (9216K)
 Metaspace       used 116539K, committed 118912K, reserved 1179648K
  class space    used 15683K, committed 16832K, reserved 1048576K
}
Event: 26.665 GC heap before
{Heap before GC invocations=43 (full 0):
 garbage-first heap   total reserved 2097152K, committed 198656K, used 175421K [0x0000000080000000, 0x0000000100000000)
  region size 1024K, 63 young (64512K), 9 survivors (9216K)
 Metaspace       used 123091K, committed 125504K, reserved 1179648K
  class space    used 16429K, committed 17600K, reserved 1048576K
}
Event: 26.671 GC heap after
{Heap after GC invocations=44 (full 0):
 garbage-first heap   total reserved 2097152K, committed 198656K, used 122538K [0x0000000080000000, 0x0000000100000000)
  region size 1024K, 3 young (3072K), 3 survivors (3072K)
 Metaspace       used 123091K, committed 125504K, reserved 1179648K
  class space    used 16429K, committed 17600K, reserved 1048576K
}
Event: 27.016 GC heap before
{Heap before GC invocations=44 (full 0):
 garbage-first heap   total reserved 2097152K, committed 198656K, used 138922K [0x0000000080000000, 0x0000000100000000)
  region size 1024K, 20 young (20480K), 3 survivors (3072K)
 Metaspace       used 125438K, committed 127936K, reserved 1179648K
  class space    used 16756K, committed 17920K, reserved 1048576K
}
Event: 27.019 GC heap after
{Heap after GC invocations=45 (full 0):
 garbage-first heap   total reserved 2097152K, committed 198656K, used 124226K [0x0000000080000000, 0x0000000100000000)
  region size 1024K, 4 young (4096K), 4 survivors (4096K)
 Metaspace       used 125438K, committed 127936K, reserved 1179648K
  class space    used 16756K, committed 17920K, reserved 1048576K
}
Event: 27.940 GC heap before
{Heap before GC invocations=46 (full 0):
 garbage-first heap   total reserved 2097152K, committed 211968K, used 183618K [0x0000000080000000, 0x0000000100000000)
  region size 1024K, 59 young (60416K), 4 survivors (4096K)
 Metaspace       used 128484K, committed 131008K, reserved 1179648K
  class space    used 17192K, committed 18368K, reserved 1048576K
}
Event: 27.949 GC heap after
{Heap after GC invocations=47 (full 0):
 garbage-first heap   total reserved 2097152K, committed 211968K, used 127454K [0x0000000080000000, 0x0000000100000000)
  region size 1024K, 8 young (8192K), 8 survivors (8192K)
 Metaspace       used 128484K, committed 131008K, reserved 1179648K
  class space    used 17192K, committed 18368K, reserved 1048576K
}
Event: 28.687 GC heap before
{Heap before GC invocations=47 (full 0):
 garbage-first heap   total reserved 2097152K, committed 211968K, used 189918K [0x0000000080000000, 0x0000000100000000)
  region size 1024K, 68 young (69632K), 8 survivors (8192K)
 Metaspace       used 129826K, committed 132352K, reserved 1179648K
  class space    used 17354K, committed 18560K, reserved 1048576K
}
Event: 28.699 GC heap after
{Heap after GC invocations=48 (full 0):
 garbage-first heap   total reserved 2097152K, committed 211968K, used 129697K [0x0000000080000000, 0x0000000100000000)
  region size 1024K, 9 young (9216K), 9 survivors (9216K)
 Metaspace       used 129826K, committed 132352K, reserved 1179648K
  class space    used 17354K, committed 18560K, reserved 1048576K
}
Event: 29.508 GC heap before
{Heap before GC invocations=48 (full 0):
 garbage-first heap   total reserved 2097152K, committed 211968K, used 189089K [0x0000000080000000, 0x0000000100000000)
  region size 1024K, 67 young (68608K), 9 survivors (9216K)
 Metaspace       used 129943K, committed 132480K, reserved 1179648K
  class space    used 17354K, committed 18560K, reserved 1048576K
}
Event: 29.516 GC heap after
{Heap after GC invocations=49 (full 0):
 garbage-first heap   total reserved 2097152K, committed 211968K, used 135593K [0x0000000080000000, 0x0000000100000000)
  region size 1024K, 7 young (7168K), 7 survivors (7168K)
 Metaspace       used 129943K, committed 132480K, reserved 1179648K
  class space    used 17354K, committed 18560K, reserved 1048576K
}
Event: 31.599 GC heap before
{Heap before GC invocations=50 (full 0):
 garbage-first heap   total reserved 2097152K, committed 229376K, used 190889K [0x0000000080000000, 0x0000000100000000)
  region size 1024K, 61 young (62464K), 7 survivors (7168K)
 Metaspace       used 133273K, committed 135808K, reserved 1179648K
  class space    used 17628K, committed 18816K, reserved 1048576K
}
Event: 31.607 GC heap after
{Heap after GC invocations=51 (full 0):
 garbage-first heap   total reserved 2097152K, committed 229376K, used 142300K [0x0000000080000000, 0x0000000100000000)
  region size 1024K, 7 young (7168K), 7 survivors (7168K)
 Metaspace       used 133273K, committed 135808K, reserved 1179648K
  class space    used 17628K, committed 18816K, reserved 1048576K
}

